2021-06-28 22:06:453 INFO  BasePage :31 - Launching Chrome Browser 
2021-06-28 22:06:553 INFO  HomePage :33 - Clicking on login link : [[ChromeDriver: chrome on WINDOWS (7d8175358153c5385c6fd1067d295c08)] -> link text: Log in]
2021-06-28 22:06:589 INFO  LoginPage :50 - Getting text from : [[ChromeDriver: chrome on WINDOWS (7d8175358153c5385c6fd1067d295c08)] -> xpath: //div[@class='page-title']//h1]
2021-06-28 22:06:492 INFO  BasePage :31 - Launching Chrome Browser 
2021-06-28 22:06:952 INFO  HomePage :33 - Clicking on login link : [[ChromeDriver: chrome on WINDOWS (bb12c513c3458e73b8f557923a6e34f8)] -> link text: Log in]
2021-06-28 22:06:990 INFO  LoginPage :50 - Getting text from : [[ChromeDriver: chrome on WINDOWS (bb12c513c3458e73b8f557923a6e34f8)] -> xpath: //div[@class='page-title']//h1]
2021-06-28 22:06:150 INFO  BasePage :31 - Launching Chrome Browser 
2021-06-28 22:06:887 INFO  HomePage :33 - Clicking on login link : [[ChromeDriver: chrome on WINDOWS (2836d300c662b82f90ca4b0bd0953eb5)] -> link text: Log in]
2021-06-28 22:06:919 INFO  LoginPage :50 - Getting text from : [[ChromeDriver: chrome on WINDOWS (2836d300c662b82f90ca4b0bd0953eb5)] -> xpath: //div[@class='page-title']//h1]
2021-06-28 22:06:989 INFO  LoginPage :50 - Getting text from : [[ChromeDriver: chrome on WINDOWS (2836d300c662b82f90ca4b0bd0953eb5)] -> xpath: //div[@class='page-title']//h1]
2021-06-28 22:06:117 INFO  LoginPage :33 - Entering email address : nids2975@yahoo.com to email field : [[ChromeDriver: chrome on WINDOWS (2836d300c662b82f90ca4b0bd0953eb5)] -> id: Email]
2021-06-28 22:06:225 INFO  LoginPage :39 - Entering password : N12345 to password field : [[ChromeDriver: chrome on WINDOWS (2836d300c662b82f90ca4b0bd0953eb5)] -> id: Password]
2021-06-28 22:06:337 INFO  LoginPage :45 - Clicking on login button : [[ChromeDriver: chrome on WINDOWS (2836d300c662b82f90ca4b0bd0953eb5)] -> xpath: //button[@class='button-1 login-button']]
2021-06-28 23:06:70 INFO  BasePage :31 - Launching Chrome Browser 
2021-06-28 23:06:570 INFO  HomePage :33 - Clicking on login link : [[ChromeDriver: chrome on WINDOWS (b45a903b5692c757545bc82ccfc221f1)] -> link text: Log in]
2021-06-28 23:06:780 INFO  LoginPage :33 - Entering email address : nids92@yahoo.com to email field : [[ChromeDriver: chrome on WINDOWS (b45a903b5692c757545bc82ccfc221f1)] -> id: Email]
2021-06-28 23:06:880 INFO  LoginPage :39 - Entering password : N12345 to password field : [[ChromeDriver: chrome on WINDOWS (b45a903b5692c757545bc82ccfc221f1)] -> id: Password]
2021-06-28 23:06:330 INFO  LoginPage :45 - Clicking on login button : Proxy element for: DefaultElementLocator 'By.xpath: //button[@class='button-1 login-button']'
2021-06-28 23:06:361 INFO  HomePage :44 - Getting text from : [[ChromeDriver: chrome on WINDOWS (b45a903b5692c757545bc82ccfc221f1)] -> xpath: //a[contains(text(),'Log out')]]
2021-06-28 23:06:202 INFO  BasePage :31 - Launching Chrome Browser 
2021-06-28 23:06:69 INFO  HomePage :33 - Clicking on login link : [[ChromeDriver: chrome on WINDOWS (3099761330b214e19001d55e74321c31)] -> link text: Log in]
2021-06-28 23:06:181 INFO  LoginPage :33 - Entering email address : nids1@yahoo.com to email field : [[ChromeDriver: chrome on WINDOWS (3099761330b214e19001d55e74321c31)] -> id: Email]
2021-06-28 23:06:272 INFO  LoginPage :39 - Entering password : N12345 to password field : [[ChromeDriver: chrome on WINDOWS (3099761330b214e19001d55e74321c31)] -> id: Password]
2021-06-28 23:06:392 INFO  LoginPage :45 - Clicking on login button : [[ChromeDriver: chrome on WINDOWS (3099761330b214e19001d55e74321c31)] -> xpath: //button[@class='button-1 login-button']]
2021-06-28 23:06:421 INFO  LoginPage :56 - Getting text from : [[ChromeDriver: chrome on WINDOWS (3099761330b214e19001d55e74321c31)] -> xpath: //div[@class='message-error validation-summary-errors']]
2021-06-28 23:06:172 INFO  BasePage :31 - Launching Chrome Browser 
2021-06-28 23:06:643 INFO  HomePage :33 - Clicking on login link : [[ChromeDriver: chrome on WINDOWS (7725d41951e7396077702a322160bd15)] -> link text: Log in]
2021-06-28 23:06:751 INFO  LoginPage :33 - Entering email address : nids@yahoo.com to email field : [[ChromeDriver: chrome on WINDOWS (7725d41951e7396077702a322160bd15)] -> id: Email]
2021-06-28 23:06:851 INFO  LoginPage :39 - Entering password : N12395 to password field : [[ChromeDriver: chrome on WINDOWS (7725d41951e7396077702a322160bd15)] -> id: Password]
2021-06-28 23:06:932 INFO  LoginPage :45 - Clicking on login button : [[ChromeDriver: chrome on WINDOWS (7725d41951e7396077702a322160bd15)] -> xpath: //button[@class='button-1 login-button']]
2021-06-28 23:06:952 INFO  LoginPage :56 - Getting text from : [[ChromeDriver: chrome on WINDOWS (7725d41951e7396077702a322160bd15)] -> xpath: //div[@class='message-error validation-summary-errors']]
2021-06-28 23:06:692 INFO  BasePage :31 - Launching Chrome Browser 
2021-06-28 23:06:969 INFO  HomePage :33 - Clicking on login link : [[ChromeDriver: chrome on WINDOWS (3abda1feed2eea13f8adc4daa3a9e295)] -> link text: Log in]
2021-06-28 23:06:77 INFO  LoginPage :33 - Entering email address : nids17@yahoo.com to email field : [[ChromeDriver: chrome on WINDOWS (3abda1feed2eea13f8adc4daa3a9e295)] -> id: Email]
2021-06-28 23:06:177 INFO  LoginPage :39 - Entering password : N17345 to password field : [[ChromeDriver: chrome on WINDOWS (3abda1feed2eea13f8adc4daa3a9e295)] -> id: Password]
2021-06-28 23:06:292 INFO  LoginPage :45 - Clicking on login button : [[ChromeDriver: chrome on WINDOWS (3abda1feed2eea13f8adc4daa3a9e295)] -> xpath: //button[@class='button-1 login-button']]
2021-06-28 23:06:322 INFO  LoginPage :56 - Getting text from : [[ChromeDriver: chrome on WINDOWS (3abda1feed2eea13f8adc4daa3a9e295)] -> xpath: //div[@class='message-error validation-summary-errors']]
2021-06-29 09:06:841 INFO  BasePage :31 - Launching Chrome Browser 
2021-06-29 09:06:155 INFO  HomePage :39 - Clicking on login link : [[ChromeDriver: chrome on WINDOWS (b1ec6595b9854dcedd6b2f2af3572198)] -> xpath: //a[@class='ico-register']]
2021-06-29 09:06:193 INFO  HomePage :37 - Getting text from : [[ChromeDriver: chrome on WINDOWS (b1ec6595b9854dcedd6b2f2af3572198)] -> xpath: //h1[contains(text(),'Register')]]
2021-06-29 10:06:595 INFO  BasePage :31 - Launching Chrome Browser 
2021-06-29 10:06:113 INFO  HomePage :39 - Clicking on login link : [[ChromeDriver: chrome on WINDOWS (c6d70b162d65e095704e32f8db6ec786)] -> xpath: //a[@class='ico-register']]
2021-06-29 10:06:213 INFO  HomePage :44 - Send text :  to [[ChromeDriver: chrome on WINDOWS (c6d70b162d65e095704e32f8db6ec786)] -> id: FirstName]
2021-06-29 10:06:365 INFO  HomePage :50 - send text : Salvator to [[ChromeDriver: chrome on WINDOWS (c6d70b162d65e095704e32f8db6ec786)] -> xpath: //input[@id='LastName']]
2021-06-29 10:06:786 INFO  BasePage :31 - Launching Chrome Browser 
2021-06-29 10:06:369 INFO  HomePage :39 - Clicking on login link : [[ChromeDriver: chrome on WINDOWS (aae0cf3ce3978fdc8a5f91169051d026)] -> xpath: //a[@class='ico-register']]
2021-06-29 10:06:466 INFO  HomePage :44 - Send text :  to [[ChromeDriver: chrome on WINDOWS (aae0cf3ce3978fdc8a5f91169051d026)] -> id: FirstName]
2021-06-29 10:06:586 INFO  HomePage :50 - send text : Salvator to [[ChromeDriver: chrome on WINDOWS (aae0cf3ce3978fdc8a5f91169051d026)] -> xpath: //input[@id='LastName']]
2021-06-29 10:06:746 INFO  BasePage :31 - Launching Chrome Browser 
2021-06-29 10:06:86 INFO  HomePage :39 - Clicking on login link : [[ChromeDriver: chrome on WINDOWS (5e3b5cf7c8e0818d7085ab1d9dfd97af)] -> xpath: //a[@class='ico-register']]
2021-06-29 10:06:206 INFO  HomePage :44 - Send text :   to [[ChromeDriver: chrome on WINDOWS (5e3b5cf7c8e0818d7085ab1d9dfd97af)] -> id: FirstName]
2021-06-29 10:06:326 INFO  HomePage :50 - send text : Salvator to [[ChromeDriver: chrome on WINDOWS (5e3b5cf7c8e0818d7085ab1d9dfd97af)] -> xpath: //input[@id='LastName']]
2021-06-29 10:06:306 INFO  BasePage :31 - Launching Chrome Browser 
2021-06-29 10:06:926 INFO  HomePage :39 - Clicking on login link : [[ChromeDriver: chrome on WINDOWS (315989afa31ad9ec160a1515ab786557)] -> xpath: //a[@class='ico-register']]
2021-06-29 10:06:35 INFO  HomePage :50 - send text : Salvator to [[ChromeDriver: chrome on WINDOWS (315989afa31ad9ec160a1515ab786557)] -> xpath: //input[@id='LastName']]
2021-06-29 10:06:267 INFO  BasePage :31 - Launching Chrome Browser 
2021-06-29 10:06:696 INFO  HomePage :39 - Clicking on login link : [[ChromeDriver: chrome on WINDOWS (2e65f4a226d6a8eca1bfb5cee4ac593e)] -> xpath: //a[@class='ico-register']]
2021-06-29 10:06:792 INFO  HomePage :50 - send text : Salvator to [[ChromeDriver: chrome on WINDOWS (2e65f4a226d6a8eca1bfb5cee4ac593e)] -> xpath: //input[@id='LastName']]
2021-06-29 10:06:887 INFO  HomePage :56 - Send text : alina557@gmail.com to [[ChromeDriver: chrome on WINDOWS (2e65f4a226d6a8eca1bfb5cee4ac593e)] -> xpath: //input[@id='Email']]
2021-06-29 10:06:971 INFO  HomePage :62 - Send text : Alina12345 to [[ChromeDriver: chrome on WINDOWS (2e65f4a226d6a8eca1bfb5cee4ac593e)] -> id: Password]
2021-06-29 10:06:86 INFO  HomePage :67 - Send text : Alina12345 to [[ChromeDriver: chrome on WINDOWS (2e65f4a226d6a8eca1bfb5cee4ac593e)] -> id: ConfirmPassword]
2021-06-29 10:06:212 INFO  HomePage :72 - Clicking on : [[ChromeDriver: chrome on WINDOWS (2e65f4a226d6a8eca1bfb5cee4ac593e)] -> id: register-button]
2021-06-29 10:06:747 INFO  HomePage :76 - Getting error message from : [[ChromeDriver: chrome on WINDOWS (2e65f4a226d6a8eca1bfb5cee4ac593e)] -> id: FirstName-error]
2021-06-29 10:06:258 INFO  BasePage :31 - Launching Chrome Browser 
2021-06-29 10:06:928 INFO  HomePage :39 - Clicking on login link : [[ChromeDriver: chrome on WINDOWS (b59f58cd3e56a6d428b64a7f0f7775ac)] -> xpath: //a[@class='ico-register']]
2021-06-29 10:06:28 INFO  HomePage :44 - Send text : Alina to [[ChromeDriver: chrome on WINDOWS (b59f58cd3e56a6d428b64a7f0f7775ac)] -> id: FirstName]
2021-06-29 10:06:647 INFO  HomePage :50 - send text : Salvator to [[ChromeDriver: chrome on WINDOWS (b59f58cd3e56a6d428b64a7f0f7775ac)] -> xpath: //input[@id='LastName']]
2021-06-29 10:06:758 INFO  HomePage :56 - Send text : alina2810@gmail.com to [[ChromeDriver: chrome on WINDOWS (b59f58cd3e56a6d428b64a7f0f7775ac)] -> xpath: //input[@id='Email']]
2021-06-29 10:06:846 INFO  HomePage :62 - Send text : Alina12345 to [[ChromeDriver: chrome on WINDOWS (b59f58cd3e56a6d428b64a7f0f7775ac)] -> id: Password]
2021-06-29 10:06:977 INFO  HomePage :67 - Send text : Alina12345 to [[ChromeDriver: chrome on WINDOWS (b59f58cd3e56a6d428b64a7f0f7775ac)] -> id: ConfirmPassword]
2021-06-29 10:06:228 INFO  HomePage :72 - Clicking on : Proxy element for: DefaultElementLocator 'By.id: register-button'
2021-06-29 10:06:778 INFO  HomePage :81 - Getting registration success message From : [[ChromeDriver: chrome on WINDOWS (b59f58cd3e56a6d428b64a7f0f7775ac)] -> xpath: //div[contains(text(),'Your registration completed')]]
2021-06-29 10:06:487 INFO  BasePage :31 - Launching Chrome Browser 
2021-06-29 10:06:38 INFO  HomePage :39 - Clicking on login link : [[ChromeDriver: chrome on WINDOWS (ddad0f9aaca40ff2e74e2c46b192708e)] -> xpath: //a[@class='ico-register']]
2021-06-29 10:06:93 INFO  HomePage :37 - Getting text from : [[ChromeDriver: chrome on WINDOWS (ddad0f9aaca40ff2e74e2c46b192708e)] -> xpath: //h1[contains(text(),'Register')]]
2021-06-29 10:06:825 INFO  BasePage :31 - Launching Chrome Browser 
2021-06-29 10:06:48 INFO  HomePage :39 - Clicking on login link : [[ChromeDriver: chrome on WINDOWS (5b11e3cacf0b1de1175be1c8f06e636c)] -> xpath: //a[@class='ico-register']]
2021-06-29 10:06:663 INFO  HomePage :50 - send text : Salvator to [[ChromeDriver: chrome on WINDOWS (5b11e3cacf0b1de1175be1c8f06e636c)] -> xpath: //input[@id='LastName']]
2021-06-29 10:06:776 INFO  HomePage :56 - Send text : alina3652@gmail.com to [[ChromeDriver: chrome on WINDOWS (5b11e3cacf0b1de1175be1c8f06e636c)] -> xpath: //input[@id='Email']]
2021-06-29 10:06:870 INFO  HomePage :62 - Send text : Alina12345 to [[ChromeDriver: chrome on WINDOWS (5b11e3cacf0b1de1175be1c8f06e636c)] -> id: Password]
2021-06-29 10:06:963 INFO  HomePage :67 - Send text : Alina12345 to [[ChromeDriver: chrome on WINDOWS (5b11e3cacf0b1de1175be1c8f06e636c)] -> id: ConfirmPassword]
2021-06-29 10:06:47 INFO  HomePage :72 - Clicking on : [[ChromeDriver: chrome on WINDOWS (5b11e3cacf0b1de1175be1c8f06e636c)] -> id: register-button]
2021-06-29 10:06:583 INFO  HomePage :76 - Getting error message from : [[ChromeDriver: chrome on WINDOWS (5b11e3cacf0b1de1175be1c8f06e636c)] -> id: FirstName-error]
2021-06-29 10:06:398 INFO  BasePage :31 - Launching Chrome Browser 
2021-06-29 10:06:717 INFO  HomePage :39 - Clicking on login link : [[ChromeDriver: chrome on WINDOWS (acf6bdc4ea885e93d4f7d6fd79d6b568)] -> xpath: //a[@class='ico-register']]
2021-06-29 10:06:828 INFO  HomePage :44 - Send text : Alina to [[ChromeDriver: chrome on WINDOWS (acf6bdc4ea885e93d4f7d6fd79d6b568)] -> id: FirstName]
2021-06-29 10:06:448 INFO  HomePage :50 - send text : Salvator to [[ChromeDriver: chrome on WINDOWS (acf6bdc4ea885e93d4f7d6fd79d6b568)] -> xpath: //input[@id='LastName']]
2021-06-29 10:06:568 INFO  HomePage :56 - Send text : alina174@gmail.com to [[ChromeDriver: chrome on WINDOWS (acf6bdc4ea885e93d4f7d6fd79d6b568)] -> xpath: //input[@id='Email']]
2021-06-29 10:06:665 INFO  HomePage :62 - Send text : Alina12345 to [[ChromeDriver: chrome on WINDOWS (acf6bdc4ea885e93d4f7d6fd79d6b568)] -> id: Password]
2021-06-29 10:06:748 INFO  HomePage :67 - Send text : Alina12345 to [[ChromeDriver: chrome on WINDOWS (acf6bdc4ea885e93d4f7d6fd79d6b568)] -> id: ConfirmPassword]
2021-06-29 10:06:948 INFO  HomePage :72 - Clicking on : Proxy element for: DefaultElementLocator 'By.id: register-button'
2021-06-29 10:06:538 INFO  HomePage :81 - Getting registration success message From : [[ChromeDriver: chrome on WINDOWS (acf6bdc4ea885e93d4f7d6fd79d6b568)] -> xpath: //div[contains(text(),'Your registration completed')]]
2021-06-29 10:06:486 INFO  BasePage :31 - Launching Chrome Browser 
2021-06-29 10:06:47 INFO  HomePage :39 - Clicking on login link : [[ChromeDriver: chrome on WINDOWS (354c0b824899076b8e3cf52f48d0a05b)] -> xpath: //a[@class='ico-register']]
2021-06-29 10:06:68 INFO  HomePage :37 - Getting text from : [[ChromeDriver: chrome on WINDOWS (354c0b824899076b8e3cf52f48d0a05b)] -> xpath: //h1[contains(text(),'Register')]]
2021-06-29 10:06:287 INFO  BasePage :31 - Launching Chrome Browser 
2021-06-29 10:06:794 INFO  HomePage :39 - Clicking on login link : [[ChromeDriver: chrome on WINDOWS (4764cdf85a787856f038b9aacaf95700)] -> xpath: //a[@class='ico-register']]
2021-06-29 10:06:827 INFO  HomePage :37 - Getting text from : [[ChromeDriver: chrome on WINDOWS (4764cdf85a787856f038b9aacaf95700)] -> xpath: //h1[contains(text(),'Register')]]
2021-06-29 10:06:539 INFO  BasePage :31 - Launching Chrome Browser 
2021-06-29 10:06:758 INFO  HomePage :39 - Clicking on login link : [[ChromeDriver: chrome on WINDOWS (d6f9bbc355b646b9998735ed892e7aa8)] -> xpath: //a[@class='ico-register']]
2021-06-29 10:06:368 INFO  HomePage :50 - send text : Salvator to [[ChromeDriver: chrome on WINDOWS (d6f9bbc355b646b9998735ed892e7aa8)] -> xpath: //input[@id='LastName']]
2021-06-29 10:06:478 INFO  HomePage :56 - Send text : alina4994@gmail.com to [[ChromeDriver: chrome on WINDOWS (d6f9bbc355b646b9998735ed892e7aa8)] -> xpath: //input[@id='Email']]
2021-06-29 10:06:578 INFO  HomePage :62 - Send text : Alina12345 to [[ChromeDriver: chrome on WINDOWS (d6f9bbc355b646b9998735ed892e7aa8)] -> id: Password]
2021-06-29 10:06:658 INFO  HomePage :67 - Send text : Alina12345 to [[ChromeDriver: chrome on WINDOWS (d6f9bbc355b646b9998735ed892e7aa8)] -> id: ConfirmPassword]
2021-06-29 10:06:755 INFO  HomePage :72 - Clicking on : [[ChromeDriver: chrome on WINDOWS (d6f9bbc355b646b9998735ed892e7aa8)] -> id: register-button]
2021-06-29 10:06:296 INFO  HomePage :76 - Getting error message from : [[ChromeDriver: chrome on WINDOWS (d6f9bbc355b646b9998735ed892e7aa8)] -> id: FirstName-error]
2021-06-29 10:06:197 INFO  BasePage :31 - Launching Chrome Browser 
2021-06-29 10:06:370 INFO  BasePage :31 - Launching Chrome Browser 
2021-06-29 10:06:491 INFO  BasePage :31 - Launching Chrome Browser 
2021-06-29 10:06:171 INFO  BasePage :31 - Launching Chrome Browser 
2021-06-29 10:06:181 INFO  HomePage :50 - Mouse hover on : [[ChromeDriver: chrome on WINDOWS (0034632b56f8206efb62fd19a97ba5a8)] -> xpath: (//a[contains(text(),'Computers ')])[1]]
2021-06-29 10:06:361 INFO  HomePage :58 - Getting text from : [[ChromeDriver: chrome on WINDOWS (0034632b56f8206efb62fd19a97ba5a8)] -> xpath: (//ul[@class='sublist first-level'])[1]//a] compare it with : Desktops
2021-06-29 10:06:391 INFO  HomePage :61 - Mouse hover and click on element : [[ChromeDriver: chrome on WINDOWS (0034632b56f8206efb62fd19a97ba5a8)] -> xpath: (//ul[@class='sublist first-level'])[1]//a]
2021-06-29 10:06:720 INFO  DesktopsPage :18 - Getting text from : [[ChromeDriver: chrome on WINDOWS (0034632b56f8206efb62fd19a97ba5a8)] -> xpath: //h1[contains(text(),'Desktops')]]
2021-06-29 10:06:92 INFO  BasePage :31 - Launching Chrome Browser 
2021-06-29 10:06:52 INFO  HomePage :50 - Mouse hover on : [[ChromeDriver: chrome on WINDOWS (c2c071336bd2023fc5f6c0ade945ed74)] -> xpath: (//a[contains(text(),'Computers ')])[1]]
2021-06-29 10:06:212 INFO  HomePage :58 - Getting text from : [[ChromeDriver: chrome on WINDOWS (c2c071336bd2023fc5f6c0ade945ed74)] -> xpath: (//ul[@class='sublist first-level'])[1]//a] compare it with : Notebooks
2021-06-29 10:06:222 INFO  HomePage :58 - Getting text from : [[ChromeDriver: chrome on WINDOWS (c2c071336bd2023fc5f6c0ade945ed74)] -> xpath: (//ul[@class='sublist first-level'])[1]//a] compare it with : Notebooks
2021-06-29 10:06:239 INFO  HomePage :61 - Mouse hover and click on element : [[ChromeDriver: chrome on WINDOWS (c2c071336bd2023fc5f6c0ade945ed74)] -> xpath: (//ul[@class='sublist first-level'])[1]//a]
2021-06-29 10:06:691 INFO  NoteBooksPage :19 - Getting text from : [[ChromeDriver: chrome on WINDOWS (c2c071336bd2023fc5f6c0ade945ed74)] -> xpath: //h1[contains(text(),'Notebooks')]]
2021-06-29 11:06:547 INFO  BasePage :31 - Launching Chrome Browser 
2021-06-29 11:06:721 INFO  HomePage :50 - Mouse hover on : [[ChromeDriver: chrome on WINDOWS (5b53ba43d74881ba7e96a9a4fe12e5d1)] -> xpath: (//a[contains(text(),'Computers ')])[1]]
2021-06-29 11:06:952 INFO  HomePage :58 - Getting text from : [[ChromeDriver: chrome on WINDOWS (5b53ba43d74881ba7e96a9a4fe12e5d1)] -> xpath: (//ul[@class='sublist first-level'])[1]//a] compare it with : Desktops
2021-06-29 11:06:962 INFO  HomePage :61 - Mouse hover and click on element : [[ChromeDriver: chrome on WINDOWS (5b53ba43d74881ba7e96a9a4fe12e5d1)] -> xpath: (//ul[@class='sublist first-level'])[1]//a]
2021-06-29 11:06:302 INFO  DesktopsPage :18 - Getting text from : [[ChromeDriver: chrome on WINDOWS (5b53ba43d74881ba7e96a9a4fe12e5d1)] -> xpath: //h1[contains(text(),'Desktops')]]
2021-06-29 11:06:82 INFO  BasePage :31 - Launching Chrome Browser 
2021-06-29 11:06:164 INFO  HomePage :50 - Mouse hover on : [[ChromeDriver: chrome on WINDOWS (40cbd66cff004d0753f3a3b8ff9b5af8)] -> xpath: (//a[contains(text(),'Computers ')])[1]]
2021-06-29 11:06:407 INFO  HomePage :58 - Getting text from : [[ChromeDriver: chrome on WINDOWS (40cbd66cff004d0753f3a3b8ff9b5af8)] -> xpath: (//ul[@class='sublist first-level'])[1]//a] compare it with : Notebooks
2021-06-29 11:06:431 INFO  HomePage :58 - Getting text from : [[ChromeDriver: chrome on WINDOWS (40cbd66cff004d0753f3a3b8ff9b5af8)] -> xpath: (//ul[@class='sublist first-level'])[1]//a] compare it with : Notebooks
2021-06-29 11:06:439 INFO  HomePage :61 - Mouse hover and click on element : [[ChromeDriver: chrome on WINDOWS (40cbd66cff004d0753f3a3b8ff9b5af8)] -> xpath: (//ul[@class='sublist first-level'])[1]//a]
2021-06-29 11:06:142 INFO  NoteBooksPage :19 - Getting text from : [[ChromeDriver: chrome on WINDOWS (40cbd66cff004d0753f3a3b8ff9b5af8)] -> xpath: //h1[contains(text(),'Notebooks')]]
2021-06-29 11:06:940 INFO  BasePage :31 - Launching Chrome Browser 
2021-06-29 11:06:868 INFO  HomePage :50 - Mouse hover on : [[ChromeDriver: chrome on WINDOWS (6fe6cff5f893d519ffd85e97753197be)] -> xpath: (//a[contains(text(),'Computers ')])[1]]
2021-06-29 11:06:52 INFO  HomePage :58 - Getting text from : [[ChromeDriver: chrome on WINDOWS (6fe6cff5f893d519ffd85e97753197be)] -> xpath: (//ul[@class='sublist first-level'])[1]//a] compare it with : Software
2021-06-29 11:06:71 INFO  HomePage :58 - Getting text from : [[ChromeDriver: chrome on WINDOWS (6fe6cff5f893d519ffd85e97753197be)] -> xpath: (//ul[@class='sublist first-level'])[1]//a] compare it with : Software
2021-06-29 11:06:95 INFO  HomePage :58 - Getting text from : [[ChromeDriver: chrome on WINDOWS (6fe6cff5f893d519ffd85e97753197be)] -> xpath: (//ul[@class='sublist first-level'])[1]//a] compare it with : Software
2021-06-29 11:06:121 INFO  HomePage :61 - Mouse hover and click on element : [[ChromeDriver: chrome on WINDOWS (6fe6cff5f893d519ffd85e97753197be)] -> xpath: (//ul[@class='sublist first-level'])[1]//a]
2021-06-29 11:06:559 INFO  SoftwarePage :20 - Getting text from : [[ChromeDriver: chrome on WINDOWS (6fe6cff5f893d519ffd85e97753197be)] -> xpath: //h1[contains(text(),'Software')]]
2021-06-29 11:06:842 INFO  BasePage :31 - Launching Chrome Browser 
2021-06-29 11:06:908 INFO  HomePage :50 - Mouse hover on : [[ChromeDriver: chrome on WINDOWS (305bc376e18c83171a5c1028b3e1b856)] -> xpath: (//a[contains(text(),'Computers ')])[1]]
2021-06-29 11:06:77 INFO  HomePage :58 - Getting text from : [[ChromeDriver: chrome on WINDOWS (305bc376e18c83171a5c1028b3e1b856)] -> xpath: (//ul[@class='sublist first-level'])[1]//a] compare it with : Desktops
2021-06-29 11:06:102 INFO  HomePage :61 - Mouse hover and click on element : [[ChromeDriver: chrome on WINDOWS (305bc376e18c83171a5c1028b3e1b856)] -> xpath: (//ul[@class='sublist first-level'])[1]//a]
2021-06-29 11:06:402 INFO  DesktopsPage :18 - Getting text from : [[ChromeDriver: chrome on WINDOWS (305bc376e18c83171a5c1028b3e1b856)] -> xpath: //h1[contains(text(),'Desktops')]]
2021-06-29 11:06:608 INFO  BasePage :31 - Launching Chrome Browser 
2021-06-29 11:06:720 INFO  HomePage :50 - Mouse hover on : [[ChromeDriver: chrome on WINDOWS (ce8c6aae43b9164f7f7c7ee46b7bc32f)] -> xpath: (//a[contains(text(),'Computers ')])[1]]
2021-06-29 11:06:878 INFO  HomePage :58 - Getting text from : [[ChromeDriver: chrome on WINDOWS (ce8c6aae43b9164f7f7c7ee46b7bc32f)] -> xpath: (//ul[@class='sublist first-level'])[1]//a] compare it with : Desktops
2021-06-29 11:06:891 INFO  HomePage :61 - Mouse hover and click on element : [[ChromeDriver: chrome on WINDOWS (ce8c6aae43b9164f7f7c7ee46b7bc32f)] -> xpath: (//ul[@class='sublist first-level'])[1]//a]
2021-06-29 11:06:352 INFO  DesktopsPage :18 - Getting text from : [[ChromeDriver: chrome on WINDOWS (ce8c6aae43b9164f7f7c7ee46b7bc32f)] -> xpath: //h1[contains(text(),'Desktops')]]
2021-06-29 11:06:52 INFO  BasePage :31 - Launching Chrome Browser 
2021-06-29 11:06:328 INFO  HomePage :33 - Clicking on login link : [[ChromeDriver: chrome on WINDOWS (9147b9cfb228d8fdddc6d333ba59c3b5)] -> link text: Log in]
2021-06-29 11:06:359 INFO  LoginPage :50 - Getting text from : [[ChromeDriver: chrome on WINDOWS (9147b9cfb228d8fdddc6d333ba59c3b5)] -> xpath: //div[@class='page-title']//h1]
2021-06-29 11:06:570 INFO  BasePage :31 - Launching Chrome Browser 
2021-06-29 11:06:260 INFO  HomePage :39 - Clicking on login link : [[ChromeDriver: chrome on WINDOWS (b5a087fcce1536bcd71e8e83b42d6cc4)] -> xpath: //a[@class='ico-register']]
2021-06-29 11:06:282 INFO  HomePage :37 - Getting text from : [[ChromeDriver: chrome on WINDOWS (b5a087fcce1536bcd71e8e83b42d6cc4)] -> xpath: //h1[contains(text(),'Register')]]
2021-06-29 13:06:468 INFO  BasePage :31 - Launching Chrome Browser 
2021-06-29 13:06:726 INFO  HomePage :50 - Mouse hover on : [[ChromeDriver: chrome on WINDOWS (d3568d8e61522b7463182acb1b986533)] -> xpath: (//a[contains(text(),'Computers ')])[1]]
2021-06-29 13:06:933 INFO  HomePage :58 - Getting text from : [[ChromeDriver: chrome on WINDOWS (d3568d8e61522b7463182acb1b986533)] -> xpath: (//ul[@class='sublist first-level'])[1]//a] compare it with : Desktops
2021-06-29 13:06:949 INFO  HomePage :61 - Mouse hover and click on element : [[ChromeDriver: chrome on WINDOWS (d3568d8e61522b7463182acb1b986533)] -> xpath: (//ul[@class='sublist first-level'])[1]//a]
2021-06-29 13:06:307 INFO  DesktopsPage :18 - Getting text from : [[ChromeDriver: chrome on WINDOWS (d3568d8e61522b7463182acb1b986533)] -> xpath: //h1[contains(text(),'Desktops')]]
2021-06-29 13:06:88 INFO  BasePage :31 - Launching Chrome Browser 
2021-06-29 13:06:114 INFO  HomePage :50 - Mouse hover on : [[ChromeDriver: chrome on WINDOWS (7d328ae02ad053d5492a70de0008dcf0)] -> xpath: (//a[contains(text(),'Computers ')])[1]]
2021-06-29 13:06:317 INFO  HomePage :58 - Getting text from : [[ChromeDriver: chrome on WINDOWS (7d328ae02ad053d5492a70de0008dcf0)] -> xpath: (//ul[@class='sublist first-level'])[1]//a] compare it with : Computers
2021-06-29 13:06:333 INFO  HomePage :58 - Getting text from : [[ChromeDriver: chrome on WINDOWS (7d328ae02ad053d5492a70de0008dcf0)] -> xpath: (//ul[@class='sublist first-level'])[1]//a] compare it with : Computers
2021-06-29 13:06:345 INFO  HomePage :58 - Getting text from : [[ChromeDriver: chrome on WINDOWS (7d328ae02ad053d5492a70de0008dcf0)] -> xpath: (//ul[@class='sublist first-level'])[1]//a] compare it with : Computers
2021-06-29 13:06:396 INFO  HomePage :18 - Getting text from : Proxy element for: DefaultElementLocator 'By.xpath: //div[@class='page-title']//h1'<br>
2021-06-29 13:06:597 INFO  BasePage :31 - Launching Chrome Browser 
2021-06-29 13:06:622 INFO  HomePage :50 - Mouse hover on : [[ChromeDriver: chrome on WINDOWS (d17f06b227f6741761e52c899b521d6f)] -> xpath: (//a[contains(text(),'Computers ')])[1]]
2021-06-29 13:06:810 INFO  HomePage :58 - Getting text from : [[ChromeDriver: chrome on WINDOWS (d17f06b227f6741761e52c899b521d6f)] -> xpath: (//ul[@class='sublist first-level'])[1]//a] compare it with : Notebooks
2021-06-29 13:06:870 INFO  HomePage :58 - Getting text from : [[ChromeDriver: chrome on WINDOWS (d17f06b227f6741761e52c899b521d6f)] -> xpath: (//ul[@class='sublist first-level'])[1]//a] compare it with : Notebooks
2021-06-29 13:06:882 INFO  HomePage :61 - Mouse hover and click on element : [[ChromeDriver: chrome on WINDOWS (d17f06b227f6741761e52c899b521d6f)] -> xpath: (//ul[@class='sublist first-level'])[1]//a]
2021-06-29 13:06:612 INFO  HomePage :18 - Getting text from : [[ChromeDriver: chrome on WINDOWS (d17f06b227f6741761e52c899b521d6f)] -> xpath: //div[@class='page-title']//h1]<br>
2021-06-29 13:06:367 INFO  BasePage :31 - Launching Chrome Browser 
2021-06-29 13:06:486 INFO  HomePage :50 - Mouse hover on : [[ChromeDriver: chrome on WINDOWS (ec90edcd9bee73ea89872b83f8f95c26)] -> xpath: (//a[contains(text(),'Computers ')])[1]]
2021-06-29 13:06:642 INFO  HomePage :58 - Getting text from : [[ChromeDriver: chrome on WINDOWS (ec90edcd9bee73ea89872b83f8f95c26)] -> xpath: (//ul[@class='sublist first-level'])[1]//a] compare it with : Software
2021-06-29 13:06:654 INFO  HomePage :58 - Getting text from : [[ChromeDriver: chrome on WINDOWS (ec90edcd9bee73ea89872b83f8f95c26)] -> xpath: (//ul[@class='sublist first-level'])[1]//a] compare it with : Software
2021-06-29 13:06:668 INFO  HomePage :58 - Getting text from : [[ChromeDriver: chrome on WINDOWS (ec90edcd9bee73ea89872b83f8f95c26)] -> xpath: (//ul[@class='sublist first-level'])[1]//a] compare it with : Software
2021-06-29 13:06:679 INFO  HomePage :61 - Mouse hover and click on element : [[ChromeDriver: chrome on WINDOWS (ec90edcd9bee73ea89872b83f8f95c26)] -> xpath: (//ul[@class='sublist first-level'])[1]//a]
2021-06-29 13:06:888 INFO  HomePage :18 - Getting text from : [[ChromeDriver: chrome on WINDOWS (ec90edcd9bee73ea89872b83f8f95c26)] -> xpath: //div[@class='page-title']//h1]<br>
2021-06-29 13:06:708 INFO  BasePage :31 - Launching Chrome Browser 
2021-06-29 13:06:888 INFO  HomePage :33 - Clicking on login link : [[ChromeDriver: chrome on WINDOWS (e1df87c58fb1fad46959d9ed81d697a9)] -> link text: Log in]
2021-06-29 13:06:919 INFO  LoginPage :50 - Getting text from : [[ChromeDriver: chrome on WINDOWS (e1df87c58fb1fad46959d9ed81d697a9)] -> xpath: //div[@class='page-title']//h1]
2021-06-29 13:06:156 INFO  BasePage :31 - Launching Chrome Browser 
2021-06-29 13:06:574 INFO  HomePage :39 - Clicking on login link : [[ChromeDriver: chrome on WINDOWS (e40760fec000c5c98c7c909abc18b274)] -> xpath: //a[@class='ico-register']]
2021-06-29 13:06:607 INFO  HomePage :37 - Getting text from : [[ChromeDriver: chrome on WINDOWS (e40760fec000c5c98c7c909abc18b274)] -> xpath: //h1[contains(text(),'Register')]]
2021-06-29 13:06:579 INFO  BasePage :31 - Launching Chrome Browser 
2021-06-29 13:06:922 INFO  HomePage :50 - Mouse hover on : [[ChromeDriver: chrome on WINDOWS (f48fcf1bf01967c3dd9127bba59bb913)] -> xpath: (//a[contains(text(),'Computers ')])[1]]
2021-06-29 13:06:126 INFO  HomePage :58 - Getting text from : [[ChromeDriver: chrome on WINDOWS (f48fcf1bf01967c3dd9127bba59bb913)] -> xpath: (//ul[@class='sublist first-level'])[1]//a] compare it with : Desktops
2021-06-29 13:06:143 INFO  HomePage :61 - Mouse hover and click on element : [[ChromeDriver: chrome on WINDOWS (f48fcf1bf01967c3dd9127bba59bb913)] -> xpath: (//ul[@class='sublist first-level'])[1]//a]
2021-06-29 13:06:431 INFO  DesktopsPage :18 - Getting text from : [[ChromeDriver: chrome on WINDOWS (f48fcf1bf01967c3dd9127bba59bb913)] -> xpath: //h1[contains(text(),'Desktops')]]
2021-06-29 13:06:212 INFO  BasePage :31 - Launching Chrome Browser 
2021-06-29 13:06:336 INFO  HomePage :50 - Mouse hover on : [[ChromeDriver: chrome on WINDOWS (09be622398f358f01389b72090dba5aa)] -> xpath: (//a[contains(text(),'Computers ')])[1]]
2021-06-29 13:06:512 INFO  HomePage :58 - Getting text from : [[ChromeDriver: chrome on WINDOWS (09be622398f358f01389b72090dba5aa)] -> xpath: (//ul[@class='sublist first-level'])[1]//a] compare it with : Desktops
2021-06-29 13:06:523 INFO  HomePage :61 - Mouse hover and click on element : [[ChromeDriver: chrome on WINDOWS (09be622398f358f01389b72090dba5aa)] -> xpath: (//ul[@class='sublist first-level'])[1]//a]
2021-06-29 13:06:803 INFO  HomePage :18 - Getting text from : [[ChromeDriver: chrome on WINDOWS (09be622398f358f01389b72090dba5aa)] -> xpath: //div[@class='page-title']//h1]<br>
2021-06-29 13:06:602 INFO  BasePage :31 - Launching Chrome Browser 
2021-06-29 13:06:719 INFO  HomePage :50 - Mouse hover on : [[ChromeDriver: chrome on WINDOWS (94773eb8302d9d647bd2e52abde44823)] -> xpath: (//a[contains(text(),'Computers ')])[1]]
2021-06-29 13:06:895 INFO  HomePage :58 - Getting text from : [[ChromeDriver: chrome on WINDOWS (94773eb8302d9d647bd2e52abde44823)] -> xpath: (//ul[@class='sublist first-level'])[1]//a] compare it with : Notebooks
2021-06-29 13:06:910 INFO  HomePage :58 - Getting text from : [[ChromeDriver: chrome on WINDOWS (94773eb8302d9d647bd2e52abde44823)] -> xpath: (//ul[@class='sublist first-level'])[1]//a] compare it with : Notebooks
2021-06-29 13:06:922 INFO  HomePage :61 - Mouse hover and click on element : [[ChromeDriver: chrome on WINDOWS (94773eb8302d9d647bd2e52abde44823)] -> xpath: (//ul[@class='sublist first-level'])[1]//a]
2021-06-29 13:06:561 INFO  HomePage :18 - Getting text from : [[ChromeDriver: chrome on WINDOWS (94773eb8302d9d647bd2e52abde44823)] -> xpath: //div[@class='page-title']//h1]<br>
2021-06-29 13:06:349 INFO  BasePage :31 - Launching Chrome Browser 
2021-06-29 13:06:533 INFO  HomePage :50 - Mouse hover on : [[ChromeDriver: chrome on WINDOWS (eddefb13cba35ef2a8a5ca1f46d113b9)] -> xpath: (//a[contains(text(),'Computers ')])[1]]
2021-06-29 13:06:752 INFO  HomePage :58 - Getting text from : [[ChromeDriver: chrome on WINDOWS (eddefb13cba35ef2a8a5ca1f46d113b9)] -> xpath: (//ul[@class='sublist first-level'])[1]//a] compare it with : Software
2021-06-29 13:06:766 INFO  HomePage :58 - Getting text from : [[ChromeDriver: chrome on WINDOWS (eddefb13cba35ef2a8a5ca1f46d113b9)] -> xpath: (//ul[@class='sublist first-level'])[1]//a] compare it with : Software
2021-06-29 13:06:781 INFO  HomePage :58 - Getting text from : [[ChromeDriver: chrome on WINDOWS (eddefb13cba35ef2a8a5ca1f46d113b9)] -> xpath: (//ul[@class='sublist first-level'])[1]//a] compare it with : Software
2021-06-29 13:06:796 INFO  HomePage :61 - Mouse hover and click on element : [[ChromeDriver: chrome on WINDOWS (eddefb13cba35ef2a8a5ca1f46d113b9)] -> xpath: (//ul[@class='sublist first-level'])[1]//a]
2021-06-29 13:06:149 INFO  HomePage :18 - Getting text from : [[ChromeDriver: chrome on WINDOWS (eddefb13cba35ef2a8a5ca1f46d113b9)] -> xpath: //div[@class='page-title']//h1]<br>
2021-06-29 13:06:973 INFO  BasePage :31 - Launching Chrome Browser 
2021-06-29 13:06:168 INFO  HomePage :33 - Clicking on login link : [[ChromeDriver: chrome on WINDOWS (5f9839def50f95ee86fc7c526ff8b3e1)] -> link text: Log in]
2021-06-29 13:06:187 INFO  LoginPage :50 - Getting text from : [[ChromeDriver: chrome on WINDOWS (5f9839def50f95ee86fc7c526ff8b3e1)] -> xpath: //div[@class='page-title']//h1]
2021-06-29 13:06:653 INFO  BasePage :31 - Launching Chrome Browser 
2021-06-29 13:06:450 INFO  HomePage :39 - Clicking on login link : [[ChromeDriver: chrome on WINDOWS (61e9982fb4498506f2344070ed12f6c0)] -> xpath: //a[@class='ico-register']]
2021-06-29 13:06:493 INFO  HomePage :37 - Getting text from : [[ChromeDriver: chrome on WINDOWS (61e9982fb4498506f2344070ed12f6c0)] -> xpath: //h1[contains(text(),'Register')]]
2021-06-30 12:06:415 INFO  BasePage :31 - Launching Chrome Browser 
2021-06-30 12:06:559 INFO  BasePage :31 - Launching Chrome Browser 
2021-06-30 12:06:557 INFO  HomePage :50 - Mouse hover on : [[ChromeDriver: chrome on WINDOWS (f09348e4da083d8ecdaad83e0dde16bc)] -> xpath: (//a[contains(text(),'Computers ')])[1]]
2021-06-30 12:06:789 INFO  HomePage :58 - Getting text from : [[ChromeDriver: chrome on WINDOWS (f09348e4da083d8ecdaad83e0dde16bc)] -> xpath: (//ul[@class='sublist first-level'])[1]//a] compare it with : Desktops
2021-06-30 12:06:805 INFO  HomePage :61 - Mouse hover and click on element : [[ChromeDriver: chrome on WINDOWS (f09348e4da083d8ecdaad83e0dde16bc)] -> xpath: (//ul[@class='sublist first-level'])[1]//a]
2021-06-30 12:06:509 INFO  DesktopsPage :18 - Getting text from : [[ChromeDriver: chrome on WINDOWS (f09348e4da083d8ecdaad83e0dde16bc)] -> xpath: //h1[contains(text(),'Desktops')]]
2021-06-30 12:06:193 INFO  BasePage :31 - Launching Chrome Browser 
2021-06-30 12:06:120 INFO  HomePage :50 - Mouse hover on : [[ChromeDriver: chrome on WINDOWS (ee4b6e99ab23a4751213d9adfbe5f1b7)] -> xpath: (//a[contains(text(),'Computers ')])[1]]
2021-06-30 12:06:311 INFO  HomePage :58 - Getting text from : [[ChromeDriver: chrome on WINDOWS (ee4b6e99ab23a4751213d9adfbe5f1b7)] -> xpath: (//ul[@class='sublist first-level'])[1]//a] compare it with : Notebooks
2021-06-30 12:06:319 INFO  HomePage :58 - Getting text from : [[ChromeDriver: chrome on WINDOWS (ee4b6e99ab23a4751213d9adfbe5f1b7)] -> xpath: (//ul[@class='sublist first-level'])[1]//a] compare it with : Notebooks
2021-06-30 12:06:335 INFO  HomePage :61 - Mouse hover and click on element : [[ChromeDriver: chrome on WINDOWS (ee4b6e99ab23a4751213d9adfbe5f1b7)] -> xpath: (//ul[@class='sublist first-level'])[1]//a]
2021-06-30 12:06:543 INFO  NoteBooksPage :19 - Getting text from : [[ChromeDriver: chrome on WINDOWS (ee4b6e99ab23a4751213d9adfbe5f1b7)] -> xpath: //h1[contains(text(),'Notebooks')]]
2021-06-30 12:06:272 INFO  BasePage :31 - Launching Chrome Browser 
2021-06-30 12:06:274 INFO  HomePage :50 - Mouse hover on : [[ChromeDriver: chrome on WINDOWS (53e5829ccd00a37f215d0e16039e4c0c)] -> xpath: (//a[contains(text(),'Computers ')])[1]]
2021-06-30 12:06:473 INFO  HomePage :58 - Getting text from : [[ChromeDriver: chrome on WINDOWS (53e5829ccd00a37f215d0e16039e4c0c)] -> xpath: (//ul[@class='sublist first-level'])[1]//a] compare it with : Desktops
2021-06-30 12:06:481 INFO  HomePage :61 - Mouse hover and click on element : [[ChromeDriver: chrome on WINDOWS (53e5829ccd00a37f215d0e16039e4c0c)] -> xpath: (//ul[@class='sublist first-level'])[1]//a]
2021-06-30 12:06:791 INFO  HomePage :18 - Getting text from : [[ChromeDriver: chrome on WINDOWS (53e5829ccd00a37f215d0e16039e4c0c)] -> xpath: //div[@class='page-title']//h1]<br>
2021-06-30 12:06:653 INFO  BasePage :31 - Launching Chrome Browser 
2021-06-30 12:06:814 INFO  HomePage :50 - Mouse hover on : [[ChromeDriver: chrome on WINDOWS (e59f6679a2072052a883ef4797e8bba2)] -> xpath: (//a[contains(text(),'Computers ')])[1]]
2021-06-30 12:06:997 INFO  HomePage :58 - Getting text from : [[ChromeDriver: chrome on WINDOWS (e59f6679a2072052a883ef4797e8bba2)] -> xpath: (//ul[@class='sublist first-level'])[1]//a] compare it with : Notebooks
2021-06-30 12:06:37 INFO  HomePage :58 - Getting text from : [[ChromeDriver: chrome on WINDOWS (e59f6679a2072052a883ef4797e8bba2)] -> xpath: (//ul[@class='sublist first-level'])[1]//a] compare it with : Notebooks
2021-06-30 12:06:61 INFO  HomePage :61 - Mouse hover and click on element : [[ChromeDriver: chrome on WINDOWS (e59f6679a2072052a883ef4797e8bba2)] -> xpath: (//ul[@class='sublist first-level'])[1]//a]
2021-06-30 12:06:111 INFO  HomePage :18 - Getting text from : [[ChromeDriver: chrome on WINDOWS (e59f6679a2072052a883ef4797e8bba2)] -> xpath: //div[@class='page-title']//h1]<br>
2021-06-30 12:06:815 INFO  BasePage :31 - Launching Chrome Browser 
2021-06-30 12:06:642 INFO  HomePage :50 - Mouse hover on : [[ChromeDriver: chrome on WINDOWS (3ada6a55f2166d3f80a925ac5e666246)] -> xpath: (//a[contains(text(),'Computers ')])[1]]
2021-06-30 12:06:865 INFO  HomePage :58 - Getting text from : [[ChromeDriver: chrome on WINDOWS (3ada6a55f2166d3f80a925ac5e666246)] -> xpath: (//ul[@class='sublist first-level'])[1]//a] compare it with : Software
2021-06-30 12:06:873 INFO  HomePage :58 - Getting text from : [[ChromeDriver: chrome on WINDOWS (3ada6a55f2166d3f80a925ac5e666246)] -> xpath: (//ul[@class='sublist first-level'])[1]//a] compare it with : Software
2021-06-30 12:06:889 INFO  HomePage :58 - Getting text from : [[ChromeDriver: chrome on WINDOWS (3ada6a55f2166d3f80a925ac5e666246)] -> xpath: (//ul[@class='sublist first-level'])[1]//a] compare it with : Software
2021-06-30 12:06:897 INFO  HomePage :61 - Mouse hover and click on element : [[ChromeDriver: chrome on WINDOWS (3ada6a55f2166d3f80a925ac5e666246)] -> xpath: (//ul[@class='sublist first-level'])[1]//a]
2021-06-30 12:06:64 INFO  HomePage :18 - Getting text from : [[ChromeDriver: chrome on WINDOWS (3ada6a55f2166d3f80a925ac5e666246)] -> xpath: //div[@class='page-title']//h1]<br>
2021-06-30 12:06:750 INFO  BasePage :31 - Launching Chrome Browser 
2021-06-30 12:06:463 INFO  HomePage :33 - Clicking on login link : [[ChromeDriver: chrome on WINDOWS (a9cce3ae36e61833c16df6787a1cfaaf)] -> link text: Log in]
2021-06-30 12:06:487 INFO  LoginPage :50 - Getting text from : [[ChromeDriver: chrome on WINDOWS (a9cce3ae36e61833c16df6787a1cfaaf)] -> xpath: //div[@class='page-title']//h1]
2021-06-30 12:06:634 INFO  BasePage :31 - Launching Chrome Browser 
2021-06-30 12:06:726 INFO  HomePage :33 - Clicking on login link : [[ChromeDriver: chrome on WINDOWS (14e0d113175053db2a53490d57b2589b)] -> link text: Log in]
2021-06-30 12:06:828 INFO  LoginPage :33 - Entering email address : nids92@yahoo.com to email field : [[ChromeDriver: chrome on WINDOWS (14e0d113175053db2a53490d57b2589b)] -> id: Email]
2021-06-30 12:06:917 INFO  LoginPage :39 - Entering password : N12345 to password field : [[ChromeDriver: chrome on WINDOWS (14e0d113175053db2a53490d57b2589b)] -> id: Password]
2021-06-30 12:06:52 INFO  LoginPage :45 - Clicking on login button : [[ChromeDriver: chrome on WINDOWS (14e0d113175053db2a53490d57b2589b)] -> xpath: //button[@class='button-1 login-button']]
2021-06-30 12:06:145 INFO  HomePage :44 - Getting text from : Proxy element for: DefaultElementLocator 'By.xpath: //a[contains(text(),'Log out')]'
2021-06-30 12:06:191 INFO  BasePage :31 - Launching Chrome Browser 
2021-06-30 12:06:419 INFO  HomePage :39 - Clicking on login link : [[ChromeDriver: chrome on WINDOWS (945368266db84c9af41a802c92a94478)] -> xpath: //a[@class='ico-register']]
2021-06-30 12:06:447 INFO  HomePage :37 - Getting text from : [[ChromeDriver: chrome on WINDOWS (945368266db84c9af41a802c92a94478)] -> xpath: //h1[contains(text(),'Register')]]
2021-06-30 12:06:134 INFO  BasePage :31 - Launching Chrome Browser 
2021-06-30 12:06:478 INFO  HomePage :39 - Clicking on login link : [[ChromeDriver: chrome on WINDOWS (b4f6ed4fd4a389115348be3214c40ba6)] -> xpath: //a[@class='ico-register']]
2021-06-30 12:06:94 INFO  HomePage :50 - send text : Salvator to [[ChromeDriver: chrome on WINDOWS (b4f6ed4fd4a389115348be3214c40ba6)] -> xpath: //input[@id='LastName']]
2021-06-30 12:06:198 INFO  HomePage :56 - Send text : alina1300@gmail.com to [[ChromeDriver: chrome on WINDOWS (b4f6ed4fd4a389115348be3214c40ba6)] -> xpath: //input[@id='Email']]
2021-06-30 12:06:295 INFO  HomePage :62 - Send text : Alina12345 to [[ChromeDriver: chrome on WINDOWS (b4f6ed4fd4a389115348be3214c40ba6)] -> id: Password]
2021-06-30 12:06:381 INFO  HomePage :67 - Send text : Alina12345 to [[ChromeDriver: chrome on WINDOWS (b4f6ed4fd4a389115348be3214c40ba6)] -> id: ConfirmPassword]
2021-06-30 12:06:470 INFO  HomePage :72 - Clicking on : [[ChromeDriver: chrome on WINDOWS (b4f6ed4fd4a389115348be3214c40ba6)] -> id: register-button]
2021-06-30 12:06:03 INFO  HomePage :76 - Getting error message from : [[ChromeDriver: chrome on WINDOWS (b4f6ed4fd4a389115348be3214c40ba6)] -> id: FirstName-error]
2021-06-30 12:06:313 INFO  BasePage :31 - Launching Chrome Browser 
2021-06-30 12:06:723 INFO  HomePage :39 - Clicking on login link : [[ChromeDriver: chrome on WINDOWS (c076a7934f30670c446035df707d7dcd)] -> xpath: //a[@class='ico-register']]
2021-06-30 12:06:759 INFO  HomePage :37 - Getting text from : [[ChromeDriver: chrome on WINDOWS (c076a7934f30670c446035df707d7dcd)] -> xpath: //h1[contains(text(),'Register')]]
2021-06-30 12:06:462 INFO  BasePage :31 - Launching Chrome Browser 
2021-06-30 12:06:613 INFO  HomePage :39 - Clicking on login link : [[ChromeDriver: chrome on WINDOWS (a7fd28f2d59cbcba0249b0e081eaddf7)] -> xpath: //a[@class='ico-register']]
2021-06-30 12:06:214 INFO  HomePage :50 - send text : Salvator to [[ChromeDriver: chrome on WINDOWS (a7fd28f2d59cbcba0249b0e081eaddf7)] -> xpath: //input[@id='LastName']]
2021-06-30 12:06:318 INFO  HomePage :56 - Send text : alina997@gmail.com to [[ChromeDriver: chrome on WINDOWS (a7fd28f2d59cbcba0249b0e081eaddf7)] -> xpath: //input[@id='Email']]
2021-06-30 12:06:414 INFO  HomePage :68 - Send text : Alina12345 to [[ChromeDriver: chrome on WINDOWS (a7fd28f2d59cbcba0249b0e081eaddf7)] -> id: Password]
2021-06-30 12:06:510 INFO  HomePage :73 - Send text : Alina12345 to [[ChromeDriver: chrome on WINDOWS (a7fd28f2d59cbcba0249b0e081eaddf7)] -> id: ConfirmPassword]
2021-06-30 12:06:590 INFO  HomePage :78 - Clicking on : [[ChromeDriver: chrome on WINDOWS (a7fd28f2d59cbcba0249b0e081eaddf7)] -> id: register-button]
2021-06-30 12:06:133 INFO  HomePage :82 - Getting error message from : [[ChromeDriver: chrome on WINDOWS (a7fd28f2d59cbcba0249b0e081eaddf7)] -> id: FirstName-error]
2021-06-30 12:06:810 INFO  BasePage :31 - Launching Chrome Browser 
2021-06-30 12:06:843 INFO  HomePage :39 - Clicking on login link : [[ChromeDriver: chrome on WINDOWS (2aa5216be41e409fedb2c16318e41476)] -> xpath: //a[@class='ico-register']]
2021-06-30 12:06:939 INFO  HomePage :44 - Send text : Alina to [[ChromeDriver: chrome on WINDOWS (2aa5216be41e409fedb2c16318e41476)] -> id: FirstName]
2021-06-30 12:06:587 INFO  HomePage :50 - send text : Salvator to [[ChromeDriver: chrome on WINDOWS (2aa5216be41e409fedb2c16318e41476)] -> xpath: //input[@id='LastName']]
2021-06-30 12:06:714 INFO  HomePage :62 - Send text : alina98@gmail.com to [[ChromeDriver: chrome on WINDOWS (2aa5216be41e409fedb2c16318e41476)] -> xpath: //input[@id='Email']]
2021-06-30 12:06:802 INFO  HomePage :68 - Send text : Alina12345 to [[ChromeDriver: chrome on WINDOWS (2aa5216be41e409fedb2c16318e41476)] -> id: Password]
2021-06-30 12:06:898 INFO  HomePage :73 - Send text : Alina12345 to [[ChromeDriver: chrome on WINDOWS (2aa5216be41e409fedb2c16318e41476)] -> id: ConfirmPassword]
2021-06-30 12:06:254 INFO  HomePage :78 - Clicking on : Proxy element for: DefaultElementLocator 'By.id: register-button'
2021-06-30 12:06:819 INFO  HomePage :87 - Getting registration success message From : [[ChromeDriver: chrome on WINDOWS (2aa5216be41e409fedb2c16318e41476)] -> xpath: //div[contains(text(),'Your registration completed')]]
2021-06-30 12:06:635 INFO  BasePage :31 - Launching Chrome Browser 
2021-06-30 12:06:603 INFO  HomePage :50 - Mouse hover on : [[ChromeDriver: chrome on WINDOWS (bfdab8a4fd3f357718f0152ccd65e736)] -> xpath: (//a[contains(text(),'Computers ')])[1]]
2021-06-30 12:06:835 INFO  HomePage :58 - Getting text from : [[ChromeDriver: chrome on WINDOWS (bfdab8a4fd3f357718f0152ccd65e736)] -> xpath: (//ul[@class='sublist first-level'])[1]//a] compare it with : Desktops
2021-06-30 12:06:859 INFO  HomePage :61 - Mouse hover and click on element : [[ChromeDriver: chrome on WINDOWS (bfdab8a4fd3f357718f0152ccd65e736)] -> xpath: (//ul[@class='sublist first-level'])[1]//a]
2021-06-30 12:06:139 INFO  DesktopsPage :18 - Getting text from : [[ChromeDriver: chrome on WINDOWS (bfdab8a4fd3f357718f0152ccd65e736)] -> xpath: //h1[contains(text(),'Desktops')]]
2021-06-30 12:06:23 INFO  BasePage :31 - Launching Chrome Browser 
2021-06-30 12:06:146 INFO  HomePage :50 - Mouse hover on : [[ChromeDriver: chrome on WINDOWS (2866b1e57d11c4a1057dcea0d56493a7)] -> xpath: (//a[contains(text(),'Computers ')])[1]]
2021-06-30 12:06:322 INFO  HomePage :58 - Getting text from : [[ChromeDriver: chrome on WINDOWS (2866b1e57d11c4a1057dcea0d56493a7)] -> xpath: (//ul[@class='sublist first-level'])[1]//a] compare it with : Notebooks
2021-06-30 12:06:330 INFO  HomePage :58 - Getting text from : [[ChromeDriver: chrome on WINDOWS (2866b1e57d11c4a1057dcea0d56493a7)] -> xpath: (//ul[@class='sublist first-level'])[1]//a] compare it with : Notebooks
2021-06-30 12:06:346 INFO  HomePage :61 - Mouse hover and click on element : [[ChromeDriver: chrome on WINDOWS (2866b1e57d11c4a1057dcea0d56493a7)] -> xpath: (//ul[@class='sublist first-level'])[1]//a]
2021-06-30 12:06:945 INFO  NoteBooksPage :19 - Getting text from : [[ChromeDriver: chrome on WINDOWS (2866b1e57d11c4a1057dcea0d56493a7)] -> xpath: //h1[contains(text(),'Notebooks')]]
2021-06-30 12:06:693 INFO  BasePage :31 - Launching Chrome Browser 
2021-06-30 12:06:593 INFO  HomePage :50 - Mouse hover on : [[ChromeDriver: chrome on WINDOWS (18f73b4f192e7b83ba7c5d67fd037529)] -> xpath: (//a[contains(text(),'Computers ')])[1]]
2021-06-30 12:06:761 INFO  HomePage :58 - Getting text from : [[ChromeDriver: chrome on WINDOWS (18f73b4f192e7b83ba7c5d67fd037529)] -> xpath: (//ul[@class='sublist first-level'])[1]//a] compare it with : Software
2021-06-30 12:06:769 INFO  HomePage :58 - Getting text from : [[ChromeDriver: chrome on WINDOWS (18f73b4f192e7b83ba7c5d67fd037529)] -> xpath: (//ul[@class='sublist first-level'])[1]//a] compare it with : Software
2021-06-30 12:06:785 INFO  HomePage :58 - Getting text from : [[ChromeDriver: chrome on WINDOWS (18f73b4f192e7b83ba7c5d67fd037529)] -> xpath: (//ul[@class='sublist first-level'])[1]//a] compare it with : Software
2021-06-30 12:06:793 INFO  HomePage :61 - Mouse hover and click on element : [[ChromeDriver: chrome on WINDOWS (18f73b4f192e7b83ba7c5d67fd037529)] -> xpath: (//ul[@class='sublist first-level'])[1]//a]
2021-06-30 12:06:992 INFO  SoftwarePage :20 - Getting text from : [[ChromeDriver: chrome on WINDOWS (18f73b4f192e7b83ba7c5d67fd037529)] -> xpath: //h1[contains(text(),'Software')]]
2021-06-30 12:06:685 INFO  BasePage :31 - Launching Chrome Browser 
2021-06-30 12:06:574 INFO  HomePage :50 - Mouse hover on : [[ChromeDriver: chrome on WINDOWS (f9b33887cc9d50cc657e48c7e84373cd)] -> xpath: (//a[contains(text(),'Computers ')])[1]]
2021-06-30 12:06:749 INFO  HomePage :58 - Getting text from : [[ChromeDriver: chrome on WINDOWS (f9b33887cc9d50cc657e48c7e84373cd)] -> xpath: (//ul[@class='sublist first-level'])[1]//a] compare it with : Desktops
2021-06-30 12:06:765 INFO  HomePage :61 - Mouse hover and click on element : [[ChromeDriver: chrome on WINDOWS (f9b33887cc9d50cc657e48c7e84373cd)] -> xpath: (//ul[@class='sublist first-level'])[1]//a]
2021-06-30 12:06:44 INFO  HomePage :18 - Getting text from : [[ChromeDriver: chrome on WINDOWS (f9b33887cc9d50cc657e48c7e84373cd)] -> xpath: //div[@class='page-title']//h1]<br>
2021-06-30 12:06:711 INFO  BasePage :31 - Launching Chrome Browser 
2021-06-30 12:06:990 INFO  HomePage :50 - Mouse hover on : [[ChromeDriver: chrome on WINDOWS (6e10e041acd97a7e70845271aee694bb)] -> xpath: (//a[contains(text(),'Computers ')])[1]]
2021-06-30 12:06:166 INFO  HomePage :58 - Getting text from : [[ChromeDriver: chrome on WINDOWS (6e10e041acd97a7e70845271aee694bb)] -> xpath: (//ul[@class='sublist first-level'])[1]//a] compare it with : Notebooks
2021-06-30 12:06:174 INFO  HomePage :58 - Getting text from : [[ChromeDriver: chrome on WINDOWS (6e10e041acd97a7e70845271aee694bb)] -> xpath: (//ul[@class='sublist first-level'])[1]//a] compare it with : Notebooks
2021-06-30 12:06:198 INFO  HomePage :61 - Mouse hover and click on element : [[ChromeDriver: chrome on WINDOWS (6e10e041acd97a7e70845271aee694bb)] -> xpath: (//ul[@class='sublist first-level'])[1]//a]
2021-06-30 12:06:870 INFO  HomePage :18 - Getting text from : [[ChromeDriver: chrome on WINDOWS (6e10e041acd97a7e70845271aee694bb)] -> xpath: //div[@class='page-title']//h1]<br>
2021-06-30 12:06:552 INFO  BasePage :31 - Launching Chrome Browser 
2021-06-30 12:06:599 INFO  HomePage :50 - Mouse hover on : [[ChromeDriver: chrome on WINDOWS (64853e93f00fe08176d3c3ce54542a94)] -> xpath: (//a[contains(text(),'Computers ')])[1]]
2021-06-30 12:06:773 INFO  HomePage :58 - Getting text from : [[ChromeDriver: chrome on WINDOWS (64853e93f00fe08176d3c3ce54542a94)] -> xpath: (//ul[@class='sublist first-level'])[1]//a] compare it with : Software
2021-06-30 12:06:781 INFO  HomePage :58 - Getting text from : [[ChromeDriver: chrome on WINDOWS (64853e93f00fe08176d3c3ce54542a94)] -> xpath: (//ul[@class='sublist first-level'])[1]//a] compare it with : Software
2021-06-30 12:06:797 INFO  HomePage :58 - Getting text from : [[ChromeDriver: chrome on WINDOWS (64853e93f00fe08176d3c3ce54542a94)] -> xpath: (//ul[@class='sublist first-level'])[1]//a] compare it with : Software
2021-06-30 12:06:805 INFO  HomePage :61 - Mouse hover and click on element : [[ChromeDriver: chrome on WINDOWS (64853e93f00fe08176d3c3ce54542a94)] -> xpath: (//ul[@class='sublist first-level'])[1]//a]
2021-06-30 12:06:934 INFO  HomePage :18 - Getting text from : [[ChromeDriver: chrome on WINDOWS (64853e93f00fe08176d3c3ce54542a94)] -> xpath: //div[@class='page-title']//h1]<br>
2021-06-30 12:06:726 INFO  BasePage :31 - Launching Chrome Browser 
2021-06-30 12:06:804 INFO  HomePage :33 - Clicking on login link : [[ChromeDriver: chrome on WINDOWS (9ea282c8ca2646fb0928cf43b531adb6)] -> link text: Log in]
2021-06-30 12:06:828 INFO  LoginPage :50 - Getting text from : [[ChromeDriver: chrome on WINDOWS (9ea282c8ca2646fb0928cf43b531adb6)] -> xpath: //div[@class='page-title']//h1]
2021-06-30 12:06:507 INFO  BasePage :31 - Launching Chrome Browser 
2021-06-30 12:06:455 INFO  HomePage :33 - Clicking on login link : [[ChromeDriver: chrome on WINDOWS (5253ab91b1bd60d557b70cf927813ff8)] -> link text: Log in]
2021-06-30 12:06:567 INFO  LoginPage :33 - Entering email address : alina98@gmail.com to email field : [[ChromeDriver: chrome on WINDOWS (5253ab91b1bd60d557b70cf927813ff8)] -> id: Email]
2021-06-30 12:06:655 INFO  LoginPage :39 - Entering password : Alina12345 to password field : [[ChromeDriver: chrome on WINDOWS (5253ab91b1bd60d557b70cf927813ff8)] -> id: Password]
2021-06-30 12:06:448 INFO  LoginPage :45 - Clicking on login button : Proxy element for: DefaultElementLocator 'By.xpath: //button[@class='button-1 login-button']'
2021-06-30 12:06:512 INFO  HomePage :44 - Getting text from : [[ChromeDriver: chrome on WINDOWS (5253ab91b1bd60d557b70cf927813ff8)] -> xpath: //a[contains(text(),'Log out')]]
2021-06-30 12:06:194 INFO  BasePage :31 - Launching Chrome Browser 
2021-06-30 12:06:713 INFO  HomePage :33 - Clicking on login link : [[ChromeDriver: chrome on WINDOWS (8e5f1c992655dd5bc0b3d61ed55fc845)] -> link text: Log in]
2021-06-30 12:06:811 INFO  LoginPage :33 - Entering email address : nids1@yahoo.com to email field : [[ChromeDriver: chrome on WINDOWS (8e5f1c992655dd5bc0b3d61ed55fc845)] -> id: Email]
2021-06-30 12:06:907 INFO  LoginPage :39 - Entering password : N12345 to password field : [[ChromeDriver: chrome on WINDOWS (8e5f1c992655dd5bc0b3d61ed55fc845)] -> id: Password]
2021-06-30 12:06:427 INFO  LoginPage :45 - Clicking on login button : [[ChromeDriver: chrome on WINDOWS (8e5f1c992655dd5bc0b3d61ed55fc845)] -> xpath: //button[@class='button-1 login-button']]
2021-06-30 12:06:443 INFO  LoginPage :56 - Getting text from : [[ChromeDriver: chrome on WINDOWS (8e5f1c992655dd5bc0b3d61ed55fc845)] -> xpath: //div[@class='message-error validation-summary-errors']]
2021-06-30 12:06:134 INFO  BasePage :31 - Launching Chrome Browser 
2021-06-30 12:06:379 INFO  HomePage :33 - Clicking on login link : [[ChromeDriver: chrome on WINDOWS (3189001cc71f01238edbe188f599e8ae)] -> link text: Log in]
2021-06-30 12:06:483 INFO  LoginPage :33 - Entering email address : nids@yahoo.com to email field : [[ChromeDriver: chrome on WINDOWS (3189001cc71f01238edbe188f599e8ae)] -> id: Email]
2021-06-30 12:06:603 INFO  LoginPage :39 - Entering password : N12395 to password field : [[ChromeDriver: chrome on WINDOWS (3189001cc71f01238edbe188f599e8ae)] -> id: Password]
2021-06-30 12:06:659 INFO  LoginPage :45 - Clicking on login button : [[ChromeDriver: chrome on WINDOWS (3189001cc71f01238edbe188f599e8ae)] -> xpath: //button[@class='button-1 login-button']]
2021-06-30 12:06:683 INFO  LoginPage :56 - Getting text from : [[ChromeDriver: chrome on WINDOWS (3189001cc71f01238edbe188f599e8ae)] -> xpath: //div[@class='message-error validation-summary-errors']]
2021-06-30 12:06:354 INFO  BasePage :31 - Launching Chrome Browser 
2021-06-30 12:06:430 INFO  HomePage :33 - Clicking on login link : [[ChromeDriver: chrome on WINDOWS (e3c7d317c07ce371ff32581c4d72e684)] -> link text: Log in]
2021-06-30 12:06:529 INFO  LoginPage :33 - Entering email address : nids17@yahoo.com to email field : [[ChromeDriver: chrome on WINDOWS (e3c7d317c07ce371ff32581c4d72e684)] -> id: Email]
2021-06-30 12:06:625 INFO  LoginPage :39 - Entering password : N17345 to password field : [[ChromeDriver: chrome on WINDOWS (e3c7d317c07ce371ff32581c4d72e684)] -> id: Password]
2021-06-30 12:06:829 INFO  LoginPage :45 - Clicking on login button : [[ChromeDriver: chrome on WINDOWS (e3c7d317c07ce371ff32581c4d72e684)] -> xpath: //button[@class='button-1 login-button']]
2021-06-30 12:06:847 INFO  LoginPage :56 - Getting text from : [[ChromeDriver: chrome on WINDOWS (e3c7d317c07ce371ff32581c4d72e684)] -> xpath: //div[@class='message-error validation-summary-errors']]
2021-06-30 13:06:809 INFO  BasePage :31 - Launching Chrome Browser 
2021-06-30 13:06:363 INFO  HomePage :39 - Clicking on login link : [[ChromeDriver: chrome on WINDOWS (7d69805afd2126ceac8c8881bd1203a6)] -> xpath: //a[@class='ico-register']]
2021-06-30 13:06:389 INFO  HomePage :37 - Getting text from : [[ChromeDriver: chrome on WINDOWS (7d69805afd2126ceac8c8881bd1203a6)] -> xpath: //h1[contains(text(),'Register')]]
2021-06-30 13:06:93 INFO  BasePage :31 - Launching Chrome Browser 
2021-06-30 13:06:302 INFO  HomePage :39 - Clicking on login link : [[ChromeDriver: chrome on WINDOWS (2270920ce11859fb3960a4ad686f6414)] -> xpath: //a[@class='ico-register']]
2021-06-30 13:06:950 INFO  HomePage :50 - send text : Salvator to [[ChromeDriver: chrome on WINDOWS (2270920ce11859fb3960a4ad686f6414)] -> xpath: //input[@id='LastName']]
2021-06-30 13:06:117 INFO  HomePage :56 - Send text : alina4233@gmail.com to [[ChromeDriver: chrome on WINDOWS (2270920ce11859fb3960a4ad686f6414)] -> xpath: //input[@id='Email']]
2021-06-30 13:06:204 INFO  HomePage :68 - Send text : Alina12345 to [[ChromeDriver: chrome on WINDOWS (2270920ce11859fb3960a4ad686f6414)] -> id: Password]
2021-06-30 13:06:285 INFO  HomePage :73 - Send text : Alina12345 to [[ChromeDriver: chrome on WINDOWS (2270920ce11859fb3960a4ad686f6414)] -> id: ConfirmPassword]
2021-06-30 13:06:386 INFO  HomePage :78 - Clicking on : [[ChromeDriver: chrome on WINDOWS (2270920ce11859fb3960a4ad686f6414)] -> id: register-button]
2021-06-30 13:06:916 INFO  HomePage :82 - Getting error message from : [[ChromeDriver: chrome on WINDOWS (2270920ce11859fb3960a4ad686f6414)] -> id: FirstName-error]
2021-06-30 13:06:638 INFO  BasePage :31 - Launching Chrome Browser 
2021-06-30 13:06:733 INFO  HomePage :50 - Mouse hover on : [[ChromeDriver: chrome on WINDOWS (dda4cf5ea2fd8483b776f824da1722f0)] -> xpath: (//a[contains(text(),'Computers ')])[1]]
2021-06-30 13:06:957 INFO  HomePage :58 - Getting text from : [[ChromeDriver: chrome on WINDOWS (dda4cf5ea2fd8483b776f824da1722f0)] -> xpath: (//ul[@class='sublist first-level'])[1]//a] compare it with : Desktops
2021-06-30 13:06:973 INFO  HomePage :61 - Mouse hover and click on element : [[ChromeDriver: chrome on WINDOWS (dda4cf5ea2fd8483b776f824da1722f0)] -> xpath: (//ul[@class='sublist first-level'])[1]//a]
2021-06-30 13:06:301 INFO  DesktopsPage :18 - Getting text from : [[ChromeDriver: chrome on WINDOWS (dda4cf5ea2fd8483b776f824da1722f0)] -> xpath: //h1[contains(text(),'Desktops')]]
2021-06-30 13:06:172 INFO  BasePage :31 - Launching Chrome Browser 
2021-06-30 13:06:221 INFO  HomePage :50 - Mouse hover on : [[ChromeDriver: chrome on WINDOWS (597e80374ad9d8257d024b55e7a93ee8)] -> xpath: (//a[contains(text(),'Computers ')])[1]]
2021-06-30 13:06:411 INFO  HomePage :58 - Getting text from : [[ChromeDriver: chrome on WINDOWS (597e80374ad9d8257d024b55e7a93ee8)] -> xpath: (//ul[@class='sublist first-level'])[1]//a] compare it with : Notebooks
2021-06-30 13:06:435 INFO  HomePage :58 - Getting text from : [[ChromeDriver: chrome on WINDOWS (597e80374ad9d8257d024b55e7a93ee8)] -> xpath: (//ul[@class='sublist first-level'])[1]//a] compare it with : Notebooks
2021-06-30 13:06:467 INFO  HomePage :61 - Mouse hover and click on element : [[ChromeDriver: chrome on WINDOWS (597e80374ad9d8257d024b55e7a93ee8)] -> xpath: (//ul[@class='sublist first-level'])[1]//a]
2021-06-30 13:06:931 INFO  NoteBooksPage :19 - Getting text from : [[ChromeDriver: chrome on WINDOWS (597e80374ad9d8257d024b55e7a93ee8)] -> xpath: //h1[contains(text(),'Notebooks')]]
2021-06-30 13:06:714 INFO  BasePage :31 - Launching Chrome Browser 
2021-06-30 13:06:654 INFO  HomePage :50 - Mouse hover on : [[ChromeDriver: chrome on WINDOWS (9358f6e6dde501cf17563557c2562863)] -> xpath: (//a[contains(text(),'Computers ')])[1]]
2021-06-30 13:06:843 INFO  HomePage :58 - Getting text from : [[ChromeDriver: chrome on WINDOWS (9358f6e6dde501cf17563557c2562863)] -> xpath: (//ul[@class='sublist first-level'])[1]//a] compare it with : Desktops
2021-06-30 13:06:851 INFO  HomePage :61 - Mouse hover and click on element : [[ChromeDriver: chrome on WINDOWS (9358f6e6dde501cf17563557c2562863)] -> xpath: (//ul[@class='sublist first-level'])[1]//a]
2021-06-30 13:06:171 INFO  HomePage :18 - Getting text from : [[ChromeDriver: chrome on WINDOWS (9358f6e6dde501cf17563557c2562863)] -> xpath: //div[@class='page-title']//h1]<br>
2021-06-30 13:06:864 INFO  BasePage :31 - Launching Chrome Browser 
2021-06-30 13:06:879 INFO  HomePage :50 - Mouse hover on : [[ChromeDriver: chrome on WINDOWS (36560066b9b201792bb92d7af5d88ee9)] -> xpath: (//a[contains(text(),'Computers ')])[1]]
2021-06-30 13:06:55 INFO  HomePage :58 - Getting text from : [[ChromeDriver: chrome on WINDOWS (36560066b9b201792bb92d7af5d88ee9)] -> xpath: (//ul[@class='sublist first-level'])[1]//a] compare it with : Notebooks
2021-06-30 13:06:79 INFO  HomePage :58 - Getting text from : [[ChromeDriver: chrome on WINDOWS (36560066b9b201792bb92d7af5d88ee9)] -> xpath: (//ul[@class='sublist first-level'])[1]//a] compare it with : Notebooks
2021-06-30 13:06:103 INFO  HomePage :61 - Mouse hover and click on element : [[ChromeDriver: chrome on WINDOWS (36560066b9b201792bb92d7af5d88ee9)] -> xpath: (//ul[@class='sublist first-level'])[1]//a]
2021-06-30 13:06:646 INFO  HomePage :18 - Getting text from : [[ChromeDriver: chrome on WINDOWS (36560066b9b201792bb92d7af5d88ee9)] -> xpath: //div[@class='page-title']//h1]<br>
2021-06-30 13:06:495 INFO  BasePage :31 - Launching Chrome Browser 
2021-06-30 13:06:482 INFO  HomePage :50 - Mouse hover on : [[ChromeDriver: chrome on WINDOWS (492a28efb3dd90f965a639b8e4028e3e)] -> xpath: (//a[contains(text(),'Computers ')])[1]]
2021-06-30 13:06:634 INFO  HomePage :58 - Getting text from : [[ChromeDriver: chrome on WINDOWS (492a28efb3dd90f965a639b8e4028e3e)] -> xpath: (//ul[@class='sublist first-level'])[1]//a] compare it with : Software
2021-06-30 13:06:642 INFO  HomePage :58 - Getting text from : [[ChromeDriver: chrome on WINDOWS (492a28efb3dd90f965a639b8e4028e3e)] -> xpath: (//ul[@class='sublist first-level'])[1]//a] compare it with : Software
2021-06-30 13:06:658 INFO  HomePage :58 - Getting text from : [[ChromeDriver: chrome on WINDOWS (492a28efb3dd90f965a639b8e4028e3e)] -> xpath: (//ul[@class='sublist first-level'])[1]//a] compare it with : Software
2021-06-30 13:06:666 INFO  HomePage :61 - Mouse hover and click on element : [[ChromeDriver: chrome on WINDOWS (492a28efb3dd90f965a639b8e4028e3e)] -> xpath: (//ul[@class='sublist first-level'])[1]//a]
2021-06-30 13:06:986 INFO  HomePage :18 - Getting text from : [[ChromeDriver: chrome on WINDOWS (492a28efb3dd90f965a639b8e4028e3e)] -> xpath: //div[@class='page-title']//h1]<br>
2021-06-30 13:06:659 INFO  BasePage :31 - Launching Chrome Browser 
2021-06-30 13:06:647 INFO  HomePage :33 - Clicking on login link : [[ChromeDriver: chrome on WINDOWS (7c19b6e0cbbc805c1cc7498bdea029f4)] -> link text: Log in]
2021-06-30 13:06:671 INFO  LoginPage :50 - Getting text from : [[ChromeDriver: chrome on WINDOWS (7c19b6e0cbbc805c1cc7498bdea029f4)] -> xpath: //div[@class='page-title']//h1]
2021-06-30 13:06:350 INFO  BasePage :31 - Launching Chrome Browser 
2021-06-30 13:06:746 INFO  HomePage :33 - Clicking on login link : [[ChromeDriver: chrome on WINDOWS (5d236d1d7ba027b333d0d5d6f00ad78e)] -> link text: Log in]
2021-06-30 13:06:870 INFO  LoginPage :33 - Entering email address : alina98@gmail.com to email field : [[ChromeDriver: chrome on WINDOWS (5d236d1d7ba027b333d0d5d6f00ad78e)] -> id: Email]
2021-06-30 13:06:02 INFO  LoginPage :39 - Entering password : Alina12345 to password field : [[ChromeDriver: chrome on WINDOWS (5d236d1d7ba027b333d0d5d6f00ad78e)] -> id: Password]
2021-06-30 13:06:525 INFO  LoginPage :45 - Clicking on login button : [[ChromeDriver: chrome on WINDOWS (5d236d1d7ba027b333d0d5d6f00ad78e)] -> xpath: //button[@class='button-1 login-button']]
2021-06-30 13:06:659 INFO  HomePage :44 - Getting text from : Proxy element for: DefaultElementLocator 'By.xpath: //a[contains(text(),'Log out')]'
